{
  "RSpec": {
    "coverage": {
      "/Users/admin/Desktop/test_tasks/Epam/LogParser/spec/log_parsing/endpoints/analyze_log_spec.rb": {
        "lines": [
          null,
          null,
          1,
          1,
          null,
          1,
          5,
          null,
          1,
          1,
          1,
          null,
          null,
          1,
          1,
          1,
          null,
          null,
          1,
          1,
          1,
          null,
          null,
          1,
          1,
          null,
          null,
          null,
          null,
          null,
          null,
          null,
          null,
          null,
          null,
          null,
          null,
          null,
          null,
          null,
          1,
          null,
          null
        ]
      },
      "/Users/admin/Desktop/test_tasks/Epam/LogParser/app/log_parsing/endpoints/analyze_log.rb": {
        "lines": [
          null,
          null,
          1,
          1,
          1,
          null,
          1,
          1,
          1,
          1,
          null,
          1,
          4,
          4,
          null,
          null,
          1,
          4,
          1,
          null,
          3,
          null,
          null,
          null,
          null
        ]
      },
      "/Users/admin/Desktop/test_tasks/Epam/LogParser/app/log_parsing/interactors/parser.rb": {
        "lines": [
          null,
          1,
          1,
          null,
          1,
          1,
          1,
          1,
          null,
          1,
          4,
          null,
          null,
          1,
          4,
          1,
          null,
          null,
          null,
          null
        ]
      },
      "/Users/admin/Desktop/test_tasks/Epam/LogParser/app/log_parsing/services/file_reader.rb": {
        "lines": [
          null,
          null,
          1,
          null,
          1,
          1,
          1,
          1,
          null,
          1,
          10,
          null,
          null,
          1,
          10,
          4,
          null,
          null,
          1,
          null,
          1,
          10,
          8,
          7,
          null,
          null,
          1,
          4,
          16,
          16,
          null,
          14,
          null,
          null,
          null,
          null,
          null
        ]
      },
      "/Users/admin/Desktop/test_tasks/Epam/LogParser/lib/values/log_entry.rb": {
        "lines": [
          null,
          null,
          1,
          1,
          null
        ]
      },
      "/Users/admin/Desktop/test_tasks/Epam/LogParser/app/log_parsing/services/log_analyzer.rb": {
        "lines": [
          null,
          null,
          1,
          1,
          1,
          1,
          null,
          1,
          2,
          null,
          null,
          1,
          null,
          2,
          null,
          null,
          null,
          null,
          1,
          null,
          1,
          24,
          null,
          null,
          1,
          2,
          null,
          null,
          1,
          2,
          null,
          null,
          null,
          null
        ]
      },
      "/Users/admin/Desktop/test_tasks/Epam/LogParser/app/log_parsing/presenters/terminal.rb": {
        "lines": [
          null,
          null,
          1,
          1,
          1,
          1,
          2,
          2,
          2,
          2,
          null,
          null,
          1,
          1,
          null,
          null,
          null,
          null
        ]
      },
      "/Users/admin/Desktop/test_tasks/Epam/LogParser/spec/log_parsing/presenters/terminal_spec.rb": {
        "lines": [
          null,
          null,
          1,
          1,
          null,
          1,
          1,
          1,
          1,
          2,
          null,
          null,
          null,
          1,
          1,
          null,
          2,
          null,
          null,
          null,
          null,
          null,
          null,
          null,
          null,
          null,
          null,
          null,
          null,
          1,
          2,
          null,
          null,
          null,
          null,
          null,
          null,
          null,
          null,
          null,
          null,
          null,
          null,
          1,
          2,
          null,
          null,
          null,
          null,
          null,
          null,
          null,
          null,
          null,
          null,
          null,
          null,
          null
        ]
      },
      "/Users/admin/Desktop/test_tasks/Epam/LogParser/spec/log_parsing/services/file_reader_spec.rb": {
        "lines": [
          null,
          null,
          1,
          1,
          1,
          null,
          1,
          1,
          2,
          null,
          null,
          1,
          2,
          null,
          null,
          1,
          1,
          1,
          null,
          null,
          null,
          1,
          1,
          1,
          null,
          null,
          null,
          1,
          1,
          1,
          null,
          null,
          null,
          1,
          1,
          null,
          null,
          null,
          null,
          null,
          null,
          null,
          null,
          7,
          null,
          null,
          null
        ]
      },
      "/Users/admin/Desktop/test_tasks/Epam/LogParser/spec/log_parsing/services/log_analyzer_spec.rb": {
        "lines": [
          null,
          null,
          1,
          1,
          1,
          null,
          1,
          1,
          1,
          null,
          null,
          null,
          null,
          null,
          null,
          null,
          7,
          null,
          null,
          null,
          null,
          null,
          null,
          null,
          null,
          null,
          null,
          null,
          null,
          null,
          null,
          null,
          null,
          null,
          null,
          null,
          null
        ]
      }
    },
    "timestamp": 1598705428
  }
}
